  jsb_module_register.cpp
  main.cpp
  AppDelegate.cpp
c:\program files (x86)\microsoft visual studio\2017\community\vc\tools\msvc\14.16.27023\include\xlocale(319): warning C4530: Se ha utilizado el controlador de excepciones de C++, pero la semántica de desenredo no está habilitada. Especifique /EHsc (compilando archivo de origen ..\Classes\AppDelegate.cpp)
c:\program files (x86)\microsoft visual studio\2017\community\vc\tools\msvc\14.16.27023\include\xlocale(319): warning C4530: Se ha utilizado el controlador de excepciones de C++, pero la semántica de desenredo no está habilitada. Especifique /EHsc (compilando archivo de origen ..\Classes\jsb_module_register.cpp)
c:\program files (x86)\microsoft visual studio\2017\community\vc\tools\msvc\14.16.27023\include\xlocale(319): warning C4530: Se ha utilizado el controlador de excepciones de C++, pero la semántica de desenredo no está habilitada. Especifique /EHsc (compilando archivo de origen main.cpp)
libtiff-2015.lib(tif_win32.obj) : warning LNK4075: se omite '/EDITANDCONTINUE' debido a la especificación '/INCREMENTAL:NO'
     Creando biblioteca C:\Users\Maxi\Downloads\TP7\build\jsb-link\frameworks\runtime-src\proj.win32\Release.win32\TP7.lib y objeto C:\Users\Maxi\Downloads\TP7\build\jsb-link\frameworks\runtime-src\proj.win32\Release.win32\TP7.exp
LINK : warning LNK4098: la biblioteca predeterminada'LIBCMT' entra en conflicto con otras bibliotecas; use la biblioteca /NODEFAULTLIB:biblioteca
jsb_module_register.obj : warning LNK4217: se importó el símbolo ?clear@AutoreleasePool@cocos2d@@QAEXXZ (public: void __thiscall cocos2d::AutoreleasePool::clear(void)) definido localmente en la función "private: virtual void __thiscall std::_Func_impl_no_alloc<class <lambda_c5b63d1ec35da9f45e52f6b07e0fc7b5>,void>::_Do_call(void)" (?_Do_call@?$_Func_impl_no_alloc@V<lambda_c5b63d1ec35da9f45e52f6b07e0fc7b5>@@X$$V@std@@EAEXXZ)
jsb_module_register.obj : warning LNK4217: se importó el símbolo ?getInstance@PoolManager@cocos2d@@SAPAV12@XZ (public: static class cocos2d::PoolManager * __cdecl cocos2d::PoolManager::getInstance(void)) definido localmente en la función "private: virtual void __thiscall std::_Func_impl_no_alloc<class <lambda_c5b63d1ec35da9f45e52f6b07e0fc7b5>,void>::_Do_call(void)" (?_Do_call@?$_Func_impl_no_alloc@V<lambda_c5b63d1ec35da9f45e52f6b07e0fc7b5>@@X$$V@std@@EAEXXZ)
jsb_module_register.obj : warning LNK4217: se importó el símbolo ?getCurrentPool@PoolManager@cocos2d@@QBEPAVAutoreleasePool@2@XZ (public: class cocos2d::AutoreleasePool * __thiscall cocos2d::PoolManager::getCurrentPool(void)const ) definido localmente en la función "private: virtual void __thiscall std::_Func_impl_no_alloc<class <lambda_c5b63d1ec35da9f45e52f6b07e0fc7b5>,void>::_Do_call(void)" (?_Do_call@?$_Func_impl_no_alloc@V<lambda_c5b63d1ec35da9f45e52f6b07e0fc7b5>@@X$$V@std@@EAEXXZ)
main.obj : warning LNK4217: se importó el símbolo ?start@Application@cocos2d@@QAEXXZ (public: void __thiscall cocos2d::Application::start(void)) definido localmente en la función _wWinMain@16
AppDelegate.obj : warning LNK4217: se importó el símbolo ?log@cocos2d@@YAXPBDZZ (void __cdecl cocos2d::log(char const *,...)) definido localmente en la función "private: virtual void __thiscall std::_Func_impl_no_alloc<class <lambda_a2c85733628e11bde817bf6f96f7075f>,void,char const *,char const *,char const *>::_Do_call(char const * &&,char const * &&,char const * &&)" (?_Do_call@?$_Func_impl_no_alloc@V<lambda_a2c85733628e11bde817bf6f96f7075f>@@XPBDPBDPBD@std@@EAEX$$QAPBD00@Z)
AppDelegate.obj : warning LNK4217: se importó el símbolo ??0Application@cocos2d@@QAE@ABV?$basic_string@DU?$char_traits@D@std@@V?$allocator@D@2@@std@@HH@Z (public: __thiscall cocos2d::Application::Application(class std::basic_string<char,struct std::char_traits<char>,class std::allocator<char> > const &,int,int)) definido localmente en la función "public: __thiscall AppDelegate::AppDelegate(int,int)" (??0AppDelegate@@QAE@HH@Z)
AppDelegate.obj : warning LNK4217: se importó el símbolo ??1Application@cocos2d@@UAE@XZ (public: virtual __thiscall cocos2d::Application::~Application(void)) definido localmente en la función "public: virtual __thiscall AppDelegate::~AppDelegate(void)" (??1AppDelegate@@UAE@XZ)
libtiff-2015.lib(tif_aux.obj) : warning LNK4099: no se encontró PDB 'vc140.pdb' con 'libtiff-2015.lib(tif_aux.obj)' o en 'C:\Users\Maxi\Downloads\TP7\build\jsb-link\frameworks\runtime-src\proj.win32\Release.win32\vc140.pdb'; se vinculará el objeto sin tener en cuenta información de depuración
libtiff-2015.lib(tif_close.obj) : warning LNK4099: no se encontró PDB 'vc140.pdb' con 'libtiff-2015.lib(tif_close.obj)' o en 'C:\Users\Maxi\Downloads\TP7\build\jsb-link\frameworks\runtime-src\proj.win32\Release.win32\vc140.pdb'; se vinculará el objeto sin tener en cuenta información de depuración
libtiff-2015.lib(tif_codec.obj) : warning LNK4099: no se encontró PDB 'vc140.pdb' con 'libtiff-2015.lib(tif_codec.obj)' o en 'C:\Users\Maxi\Downloads\TP7\build\jsb-link\frameworks\runtime-src\proj.win32\Release.win32\vc140.pdb'; se vinculará el objeto sin tener en cuenta información de depuración
libtiff-2015.lib(tif_color.obj) : warning LNK4099: no se encontró PDB 'vc140.pdb' con 'libtiff-2015.lib(tif_color.obj)' o en 'C:\Users\Maxi\Downloads\TP7\build\jsb-link\frameworks\runtime-src\proj.win32\Release.win32\vc140.pdb'; se vinculará el objeto sin tener en cuenta información de depuración
libtiff-2015.lib(tif_compress.obj) : warning LNK4099: no se encontró PDB 'vc140.pdb' con 'libtiff-2015.lib(tif_compress.obj)' o en 'C:\Users\Maxi\Downloads\TP7\build\jsb-link\frameworks\runtime-src\proj.win32\Release.win32\vc140.pdb'; se vinculará el objeto sin tener en cuenta información de depuración
libtiff-2015.lib(tif_dir.obj) : warning LNK4099: no se encontró PDB 'vc140.pdb' con 'libtiff-2015.lib(tif_dir.obj)' o en 'C:\Users\Maxi\Downloads\TP7\build\jsb-link\frameworks\runtime-src\proj.win32\Release.win32\vc140.pdb'; se vinculará el objeto sin tener en cuenta información de depuración
libtiff-2015.lib(tif_dirinfo.obj) : warning LNK4099: no se encontró PDB 'vc140.pdb' con 'libtiff-2015.lib(tif_dirinfo.obj)' o en 'C:\Users\Maxi\Downloads\TP7\build\jsb-link\frameworks\runtime-src\proj.win32\Release.win32\vc140.pdb'; se vinculará el objeto sin tener en cuenta información de depuración
libtiff-2015.lib(tif_dirread.obj) : warning LNK4099: no se encontró PDB 'vc140.pdb' con 'libtiff-2015.lib(tif_dirread.obj)' o en 'C:\Users\Maxi\Downloads\TP7\build\jsb-link\frameworks\runtime-src\proj.win32\Release.win32\vc140.pdb'; se vinculará el objeto sin tener en cuenta información de depuración
libtiff-2015.lib(tif_dirwrite.obj) : warning LNK4099: no se encontró PDB 'vc140.pdb' con 'libtiff-2015.lib(tif_dirwrite.obj)' o en 'C:\Users\Maxi\Downloads\TP7\build\jsb-link\frameworks\runtime-src\proj.win32\Release.win32\vc140.pdb'; se vinculará el objeto sin tener en cuenta información de depuración
libtiff-2015.lib(tif_dumpmode.obj) : warning LNK4099: no se encontró PDB 'vc140.pdb' con 'libtiff-2015.lib(tif_dumpmode.obj)' o en 'C:\Users\Maxi\Downloads\TP7\build\jsb-link\frameworks\runtime-src\proj.win32\Release.win32\vc140.pdb'; se vinculará el objeto sin tener en cuenta información de depuración
libtiff-2015.lib(tif_error.obj) : warning LNK4099: no se encontró PDB 'vc140.pdb' con 'libtiff-2015.lib(tif_error.obj)' o en 'C:\Users\Maxi\Downloads\TP7\build\jsb-link\frameworks\runtime-src\proj.win32\Release.win32\vc140.pdb'; se vinculará el objeto sin tener en cuenta información de depuración
libtiff-2015.lib(tif_fax3.obj) : warning LNK4099: no se encontró PDB 'vc140.pdb' con 'libtiff-2015.lib(tif_fax3.obj)' o en 'C:\Users\Maxi\Downloads\TP7\build\jsb-link\frameworks\runtime-src\proj.win32\Release.win32\vc140.pdb'; se vinculará el objeto sin tener en cuenta información de depuración
libtiff-2015.lib(tif_fax3sm.obj) : warning LNK4099: no se encontró PDB 'vc140.pdb' con 'libtiff-2015.lib(tif_fax3sm.obj)' o en 'C:\Users\Maxi\Downloads\TP7\build\jsb-link\frameworks\runtime-src\proj.win32\Release.win32\vc140.pdb'; se vinculará el objeto sin tener en cuenta información de depuración
libtiff-2015.lib(tif_getimage.obj) : warning LNK4099: no se encontró PDB 'vc140.pdb' con 'libtiff-2015.lib(tif_getimage.obj)' o en 'C:\Users\Maxi\Downloads\TP7\build\jsb-link\frameworks\runtime-src\proj.win32\Release.win32\vc140.pdb'; se vinculará el objeto sin tener en cuenta información de depuración
libtiff-2015.lib(tif_flush.obj) : warning LNK4099: no se encontró PDB 'vc140.pdb' con 'libtiff-2015.lib(tif_flush.obj)' o en 'C:\Users\Maxi\Downloads\TP7\build\jsb-link\frameworks\runtime-src\proj.win32\Release.win32\vc140.pdb'; se vinculará el objeto sin tener en cuenta información de depuración
libtiff-2015.lib(tif_luv.obj) : warning LNK4099: no se encontró PDB 'vc140.pdb' con 'libtiff-2015.lib(tif_luv.obj)' o en 'C:\Users\Maxi\Downloads\TP7\build\jsb-link\frameworks\runtime-src\proj.win32\Release.win32\vc140.pdb'; se vinculará el objeto sin tener en cuenta información de depuración
libtiff-2015.lib(tif_lzw.obj) : warning LNK4099: no se encontró PDB 'vc140.pdb' con 'libtiff-2015.lib(tif_lzw.obj)' o en 'C:\Users\Maxi\Downloads\TP7\build\jsb-link\frameworks\runtime-src\proj.win32\Release.win32\vc140.pdb'; se vinculará el objeto sin tener en cuenta información de depuración
libtiff-2015.lib(tif_next.obj) : warning LNK4099: no se encontró PDB 'vc140.pdb' con 'libtiff-2015.lib(tif_next.obj)' o en 'C:\Users\Maxi\Downloads\TP7\build\jsb-link\frameworks\runtime-src\proj.win32\Release.win32\vc140.pdb'; se vinculará el objeto sin tener en cuenta información de depuración
libtiff-2015.lib(tif_open.obj) : warning LNK4099: no se encontró PDB 'vc140.pdb' con 'libtiff-2015.lib(tif_open.obj)' o en 'C:\Users\Maxi\Downloads\TP7\build\jsb-link\frameworks\runtime-src\proj.win32\Release.win32\vc140.pdb'; se vinculará el objeto sin tener en cuenta información de depuración
libtiff-2015.lib(tif_packbits.obj) : warning LNK4099: no se encontró PDB 'vc140.pdb' con 'libtiff-2015.lib(tif_packbits.obj)' o en 'C:\Users\Maxi\Downloads\TP7\build\jsb-link\frameworks\runtime-src\proj.win32\Release.win32\vc140.pdb'; se vinculará el objeto sin tener en cuenta información de depuración
libtiff-2015.lib(tif_predict.obj) : warning LNK4099: no se encontró PDB 'vc140.pdb' con 'libtiff-2015.lib(tif_predict.obj)' o en 'C:\Users\Maxi\Downloads\TP7\build\jsb-link\frameworks\runtime-src\proj.win32\Release.win32\vc140.pdb'; se vinculará el objeto sin tener en cuenta información de depuración
libtiff-2015.lib(tif_read.obj) : warning LNK4099: no se encontró PDB 'vc140.pdb' con 'libtiff-2015.lib(tif_read.obj)' o en 'C:\Users\Maxi\Downloads\TP7\build\jsb-link\frameworks\runtime-src\proj.win32\Release.win32\vc140.pdb'; se vinculará el objeto sin tener en cuenta información de depuración
libtiff-2015.lib(tif_swab.obj) : warning LNK4099: no se encontró PDB 'vc140.pdb' con 'libtiff-2015.lib(tif_swab.obj)' o en 'C:\Users\Maxi\Downloads\TP7\build\jsb-link\frameworks\runtime-src\proj.win32\Release.win32\vc140.pdb'; se vinculará el objeto sin tener en cuenta información de depuración
libtiff-2015.lib(tif_strip.obj) : warning LNK4099: no se encontró PDB 'vc140.pdb' con 'libtiff-2015.lib(tif_strip.obj)' o en 'C:\Users\Maxi\Downloads\TP7\build\jsb-link\frameworks\runtime-src\proj.win32\Release.win32\vc140.pdb'; se vinculará el objeto sin tener en cuenta información de depuración
libtiff-2015.lib(tif_thunder.obj) : warning LNK4099: no se encontró PDB 'vc140.pdb' con 'libtiff-2015.lib(tif_thunder.obj)' o en 'C:\Users\Maxi\Downloads\TP7\build\jsb-link\frameworks\runtime-src\proj.win32\Release.win32\vc140.pdb'; se vinculará el objeto sin tener en cuenta información de depuración
libtiff-2015.lib(tif_tile.obj) : warning LNK4099: no se encontró PDB 'vc140.pdb' con 'libtiff-2015.lib(tif_tile.obj)' o en 'C:\Users\Maxi\Downloads\TP7\build\jsb-link\frameworks\runtime-src\proj.win32\Release.win32\vc140.pdb'; se vinculará el objeto sin tener en cuenta información de depuración
libtiff-2015.lib(tif_warning.obj) : warning LNK4099: no se encontró PDB 'vc140.pdb' con 'libtiff-2015.lib(tif_warning.obj)' o en 'C:\Users\Maxi\Downloads\TP7\build\jsb-link\frameworks\runtime-src\proj.win32\Release.win32\vc140.pdb'; se vinculará el objeto sin tener en cuenta información de depuración
libtiff-2015.lib(tif_write.obj) : warning LNK4099: no se encontró PDB 'vc140.pdb' con 'libtiff-2015.lib(tif_write.obj)' o en 'C:\Users\Maxi\Downloads\TP7\build\jsb-link\frameworks\runtime-src\proj.win32\Release.win32\vc140.pdb'; se vinculará el objeto sin tener en cuenta información de depuración
libtiff-2015.lib(tif_win32.obj) : warning LNK4099: no se encontró PDB 'vc140.pdb' con 'libtiff-2015.lib(tif_win32.obj)' o en 'C:\Users\Maxi\Downloads\TP7\build\jsb-link\frameworks\runtime-src\proj.win32\Release.win32\vc140.pdb'; se vinculará el objeto sin tener en cuenta información de depuración
  TP7.vcxproj -> C:\Users\Maxi\Downloads\TP7\build\jsb-link\frameworks\runtime-src\proj.win32\Release.win32\TP7.exe
  Performing Custom Build Step
  C:\Users\Maxi\Downloads\TP7\build\jsb-link\src\cocos2d-jsb.b072a.jsc -> C:\Users\Maxi\Downloads\TP7\build\jsb-link\frameworks\runtime-src\proj.win32\Release.win32\src\cocos2d-jsb.b072a.jsc
  C:\Users\Maxi\Downloads\TP7\build\jsb-link\src\physics.10dcf.jsc -> C:\Users\Maxi\Downloads\TP7\build\jsb-link\frameworks\runtime-src\proj.win32\Release.win32\src\physics.10dcf.jsc
  C:\Users\Maxi\Downloads\TP7\build\jsb-link\src\settings.bbfff.jsc -> C:\Users\Maxi\Downloads\TP7\build\jsb-link\frameworks\runtime-src\proj.win32\Release.win32\src\settings.bbfff.jsc
  3 archivo(s) copiado(s)
  C:\Users\Maxi\Downloads\TP7\build\jsb-link\assets\internal\config.395b1.json -> C:\Users\Maxi\Downloads\TP7\build\jsb-link\frameworks\runtime-src\proj.win32\Release.win32\assets\internal\config.395b1.json
  C:\Users\Maxi\Downloads\TP7\build\jsb-link\assets\internal\index.395b1.jsc -> C:\Users\Maxi\Downloads\TP7\build\jsb-link\frameworks\runtime-src\proj.win32\Release.win32\assets\internal\index.395b1.jsc
  C:\Users\Maxi\Downloads\TP7\build\jsb-link\assets\internal\import\0b\0b6c4470e.f9695.json -> C:\Users\Maxi\Downloads\TP7\build\jsb-link\frameworks\runtime-src\proj.win32\Release.win32\assets\internal\import\0b\0b6c4470e.f9695.json
  C:\Users\Maxi\Downloads\TP7\build\jsb-link\assets\internal\native\02\0275e94c-56a7-410f-bd1a-fc7483f7d14a.cea68.png -> C:\Users\Maxi\Downloads\TP7\build\jsb-link\frameworks\runtime-src\proj.win32\Release.win32\assets\internal\native\02\0275e94c-56a7-410f-bd1a-fc7483f7d14a.cea68.png
  C:\Users\Maxi\Downloads\TP7\build\jsb-link\assets\internal\native\60\600301aa-3357-4a10-b086-84f011fa32ba.c3a3a.png -> C:\Users\Maxi\Downloads\TP7\build\jsb-link\frameworks\runtime-src\proj.win32\Release.win32\assets\internal\native\60\600301aa-3357-4a10-b086-84f011fa32ba.c3a3a.png
  C:\Users\Maxi\Downloads\TP7\build\jsb-link\assets\main\config.0181b.json -> C:\Users\Maxi\Downloads\TP7\build\jsb-link\frameworks\runtime-src\proj.win32\Release.win32\assets\main\config.0181b.json
  C:\Users\Maxi\Downloads\TP7\build\jsb-link\assets\main\index.0181b.jsc -> C:\Users\Maxi\Downloads\TP7\build\jsb-link\frameworks\runtime-src\proj.win32\Release.win32\assets\main\index.0181b.jsc
  C:\Users\Maxi\Downloads\TP7\build\jsb-link\assets\main\import\01\01d1363ee.a5a37.json -> C:\Users\Maxi\Downloads\TP7\build\jsb-link\frameworks\runtime-src\proj.win32\Release.win32\assets\main\import\01\01d1363ee.a5a37.json
  C:\Users\Maxi\Downloads\TP7\build\jsb-link\assets\main\import\05\056b5ae07.05d26.json -> C:\Users\Maxi\Downloads\TP7\build\jsb-link\frameworks\runtime-src\proj.win32\Release.win32\assets\main\import\05\056b5ae07.05d26.json
  C:\Users\Maxi\Downloads\TP7\build\jsb-link\assets\main\import\08\08d269ea3.25cb0.json -> C:\Users\Maxi\Downloads\TP7\build\jsb-link\frameworks\runtime-src\proj.win32\Release.win32\assets\main\import\08\08d269ea3.25cb0.json
  C:\Users\Maxi\Downloads\TP7\build\jsb-link\assets\main\import\0a\0a31943d3.0bccc.json -> C:\Users\Maxi\Downloads\TP7\build\jsb-link\frameworks\runtime-src\proj.win32\Release.win32\assets\main\import\0a\0a31943d3.0bccc.json
  C:\Users\Maxi\Downloads\TP7\build\jsb-link\assets\main\import\0b\0b22441f2.aabf1.json -> C:\Users\Maxi\Downloads\TP7\build\jsb-link\frameworks\runtime-src\proj.win32\Release.win32\assets\main\import\0b\0b22441f2.aabf1.json
  C:\Users\Maxi\Downloads\TP7\build\jsb-link\assets\main\import\0b\0ba9d205-6ad4-4f25-8fad-7e069d76a638.40b44.json -> C:\Users\Maxi\Downloads\TP7\build\jsb-link\frameworks\runtime-src\proj.win32\Release.win32\assets\main\import\0b\0ba9d205-6ad4-4f25-8fad-7e069d76a638.40b44.json
  C:\Users\Maxi\Downloads\TP7\build\jsb-link\assets\main\import\0c\0cf658b0e.a250f.json -> C:\Users\Maxi\Downloads\TP7\build\jsb-link\frameworks\runtime-src\proj.win32\Release.win32\assets\main\import\0c\0cf658b0e.a250f.json
  C:\Users\Maxi\Downloads\TP7\build\jsb-link\assets\main\import\0e\0e33bb8f2.7c8b7.json -> C:\Users\Maxi\Downloads\TP7\build\jsb-link\frameworks\runtime-src\proj.win32\Release.win32\assets\main\import\0e\0e33bb8f2.7c8b7.json
  C:\Users\Maxi\Downloads\TP7\build\jsb-link\assets\main\import\0e\0e7eed602.a8a40.json -> C:\Users\Maxi\Downloads\TP7\build\jsb-link\frameworks\runtime-src\proj.win32\Release.win32\assets\main\import\0e\0e7eed602.a8a40.json
  C:\Users\Maxi\Downloads\TP7\build\jsb-link\assets\main\import\1b\1b9695f5-ef1f-42de-a26a-ea0c12b5c149.50d8d.json -> C:\Users\Maxi\Downloads\TP7\build\jsb-link\frameworks\runtime-src\proj.win32\Release.win32\assets\main\import\1b\1b9695f5-ef1f-42de-a26a-ea0c12b5c149.50d8d.json
  C:\Users\Maxi\Downloads\TP7\build\jsb-link\assets\main\import\2a\2a0c729a-a5aa-4800-a0ff-d478f58867ad.c57d1.json -> C:\Users\Maxi\Downloads\TP7\build\jsb-link\frameworks\runtime-src\proj.win32\Release.win32\assets\main\import\2a\2a0c729a-a5aa-4800-a0ff-d478f58867ad.c57d1.json
  C:\Users\Maxi\Downloads\TP7\build\jsb-link\assets\main\import\2f\2fa13d21-58cf-4504-8a2d-db2ca91dc8ee.8292e.json -> C:\Users\Maxi\Downloads\TP7\build\jsb-link\frameworks\runtime-src\proj.win32\Release.win32\assets\main\import\2f\2fa13d21-58cf-4504-8a2d-db2ca91dc8ee.8292e.json
  C:\Users\Maxi\Downloads\TP7\build\jsb-link\assets\main\import\6c\6c65f77f-373d-4b86-98ea-d155bc635239.ab92b.json -> C:\Users\Maxi\Downloads\TP7\build\jsb-link\frameworks\runtime-src\proj.win32\Release.win32\assets\main\import\6c\6c65f77f-373d-4b86-98ea-d155bc635239.ab92b.json
  C:\Users\Maxi\Downloads\TP7\build\jsb-link\assets\main\import\79\79654cfa-fa8f-4b09-865c-990414125c4f.d866a.json -> C:\Users\Maxi\Downloads\TP7\build\jsb-link\frameworks\runtime-src\proj.win32\Release.win32\assets\main\import\79\79654cfa-fa8f-4b09-865c-990414125c4f.d866a.json
  C:\Users\Maxi\Downloads\TP7\build\jsb-link\assets\main\import\93\9394c6ca-9240-4f6c-ac5b-227cfa8a4745.ecb10.json -> C:\Users\Maxi\Downloads\TP7\build\jsb-link\frameworks\runtime-src\proj.win32\Release.win32\assets\main\import\93\9394c6ca-9240-4f6c-ac5b-227cfa8a4745.ecb10.json
  C:\Users\Maxi\Downloads\TP7\build\jsb-link\assets\main\import\cc\cc63b3b7-91a0-408c-b40a-376c59ae5940.b7af1.json -> C:\Users\Maxi\Downloads\TP7\build\jsb-link\frameworks\runtime-src\proj.win32\Release.win32\assets\main\import\cc\cc63b3b7-91a0-408c-b40a-376c59ae5940.b7af1.json
  C:\Users\Maxi\Downloads\TP7\build\jsb-link\assets\main\native\0b\0ba9d205-6ad4-4f25-8fad-7e069d76a638.2c405.wav -> C:\Users\Maxi\Downloads\TP7\build\jsb-link\frameworks\runtime-src\proj.win32\Release.win32\assets\main\native\0b\0ba9d205-6ad4-4f25-8fad-7e069d76a638.2c405.wav
  C:\Users\Maxi\Downloads\TP7\build\jsb-link\assets\main\native\1b\1b9695f5-ef1f-42de-a26a-ea0c12b5c149.1a109.wav -> C:\Users\Maxi\Downloads\TP7\build\jsb-link\frameworks\runtime-src\proj.win32\Release.win32\assets\main\native\1b\1b9695f5-ef1f-42de-a26a-ea0c12b5c149.1a109.wav
  C:\Users\Maxi\Downloads\TP7\build\jsb-link\assets\main\native\2f\2fa13d21-58cf-4504-8a2d-db2ca91dc8ee.96411\ARCADECLASSIC.ttf -> C:\Users\Maxi\Downloads\TP7\build\jsb-link\frameworks\runtime-src\proj.win32\Release.win32\assets\main\native\2f\2fa13d21-58cf-4504-8a2d-db2ca91dc8ee.96411\ARCADECLASSIC.ttf
  C:\Users\Maxi\Downloads\TP7\build\jsb-link\assets\main\native\6c\6c65f77f-373d-4b86-98ea-d155bc635239.d3347.wav -> C:\Users\Maxi\Downloads\TP7\build\jsb-link\frameworks\runtime-src\proj.win32\Release.win32\assets\main\native\6c\6c65f77f-373d-4b86-98ea-d155bc635239.d3347.wav
  C:\Users\Maxi\Downloads\TP7\build\jsb-link\assets\main\native\71\71561142-4c83-4933-afca-cb7a17f67053.c06a9.png -> C:\Users\Maxi\Downloads\TP7\build\jsb-link\frameworks\runtime-src\proj.win32\Release.win32\assets\main\native\71\71561142-4c83-4933-afca-cb7a17f67053.c06a9.png
  C:\Users\Maxi\Downloads\TP7\build\jsb-link\assets\main\native\79\79654cfa-fa8f-4b09-865c-990414125c4f.43adf.mp3 -> C:\Users\Maxi\Downloads\TP7\build\jsb-link\frameworks\runtime-src\proj.win32\Release.win32\assets\main\native\79\79654cfa-fa8f-4b09-865c-990414125c4f.43adf.mp3
  C:\Users\Maxi\Downloads\TP7\build\jsb-link\assets\main\native\93\9394c6ca-9240-4f6c-ac5b-227cfa8a4745.0831d.wav -> C:\Users\Maxi\Downloads\TP7\build\jsb-link\frameworks\runtime-src\proj.win32\Release.win32\assets\main\native\93\9394c6ca-9240-4f6c-ac5b-227cfa8a4745.0831d.wav
  C:\Users\Maxi\Downloads\TP7\build\jsb-link\assets\main\native\a7\a7a29b69-a7d4-4e26-b232-b955604ab608.825fc.png -> C:\Users\Maxi\Downloads\TP7\build\jsb-link\frameworks\runtime-src\proj.win32\Release.win32\assets\main\native\a7\a7a29b69-a7d4-4e26-b232-b955604ab608.825fc.png
  C:\Users\Maxi\Downloads\TP7\build\jsb-link\assets\main\native\b2\b2687ac4-099e-403c-a192-ff477686f4f5.2bf0b.plist -> C:\Users\Maxi\Downloads\TP7\build\jsb-link\frameworks\runtime-src\proj.win32\Release.win32\assets\main\native\b2\b2687ac4-099e-403c-a192-ff477686f4f5.2bf0b.plist
  C:\Users\Maxi\Downloads\TP7\build\jsb-link\assets\main\native\b4\b43ff3c2-02bb-4874-81f7-f2dea6970f18.83fcc.png -> C:\Users\Maxi\Downloads\TP7\build\jsb-link\frameworks\runtime-src\proj.win32\Release.win32\assets\main\native\b4\b43ff3c2-02bb-4874-81f7-f2dea6970f18.83fcc.png
  C:\Users\Maxi\Downloads\TP7\build\jsb-link\assets\main\native\cc\cc08c4bc-55fd-462f-9042-9d6231d6d12c.614c8.png -> C:\Users\Maxi\Downloads\TP7\build\jsb-link\frameworks\runtime-src\proj.win32\Release.win32\assets\main\native\cc\cc08c4bc-55fd-462f-9042-9d6231d6d12c.614c8.png
  C:\Users\Maxi\Downloads\TP7\build\jsb-link\assets\main\native\d0\d0a82d39-bede-46c4-b698-c81ff0dedfff.841f5.png -> C:\Users\Maxi\Downloads\TP7\build\jsb-link\frameworks\runtime-src\proj.win32\Release.win32\assets\main\native\d0\d0a82d39-bede-46c4-b698-c81ff0dedfff.841f5.png
  C:\Users\Maxi\Downloads\TP7\build\jsb-link\assets\main\native\d4\d49b651b-3891-4320-9b36-161b1b54d6ff.a1671.png -> C:\Users\Maxi\Downloads\TP7\build\jsb-link\frameworks\runtime-src\proj.win32\Release.win32\assets\main\native\d4\d49b651b-3891-4320-9b36-161b1b54d6ff.a1671.png
  C:\Users\Maxi\Downloads\TP7\build\jsb-link\assets\main\native\e8\e851e89b-faa2-4484-bea6-5c01dd9f06e2.90cf4.png -> C:\Users\Maxi\Downloads\TP7\build\jsb-link\frameworks\runtime-src\proj.win32\Release.win32\assets\main\native\e8\e851e89b-faa2-4484-bea6-5c01dd9f06e2.90cf4.png
  37 archivo(s) copiado(s)
  C:\Users\Maxi\Downloads\TP7\build\jsb-link\jsb-adapter\jsb-builtin.js -> C:\Users\Maxi\Downloads\TP7\build\jsb-link\frameworks\runtime-src\proj.win32\Release.win32\jsb-adapter\jsb-builtin.js
  C:\Users\Maxi\Downloads\TP7\build\jsb-link\jsb-adapter\jsb-engine.js -> C:\Users\Maxi\Downloads\TP7\build\jsb-link\frameworks\runtime-src\proj.win32\Release.win32\jsb-adapter\jsb-engine.js
  2 archivo(s) copiado(s)
          1 archivo(s) copiado(s).
          1 archivo(s) copiado(s).
